<?xml version="1.0" encoding="UTF-8"?>
<!-- Generated by org.testng.reporters.JUnitReportReporter -->
<testsuite hostname="DESKTOP-UQCRR3T" name="com.enhanzedadmin.qa.testcases.UnassignTopicFromGroupTest" tests="2" failures="0" timestamp="18 Oct 2019 07:28:30 GMT" time="129.687" errors="0">
  <testcase name="assignTopicToGroup" time="64.814" classname="com.enhanzedadmin.qa.testcases.UnassignTopicFromGroupTest"/>
  <testcase name="assignTopicToGroup" time="64.873" classname="com.enhanzedadmin.qa.testcases.UnassignTopicFromGroupTest"/>
</testsuite> <!-- com.enhanzedadmin.qa.testcases.UnassignTopicFromGroupTest -->
