<?xml version="1.0" encoding="UTF-8"?>
<!-- Generated by org.testng.reporters.JUnitReportReporter -->
<testsuite hostname="DESKTOP-UQCRR3T" name="com.enhanzedadmin.qa.testcases.EngageUserTest" tests="11" failures="0" timestamp="21 Jan 2020 11:19:25 GMT" time="463.434" errors="0">
  <testcase name="validateMessages" time="36.065" classname="com.enhanzedadmin.qa.testcases.EngageUserTest"/>
  <testcase name="checkPagination" time="31.776" classname="com.enhanzedadmin.qa.testcases.EngageUserTest"/>
  <testcase name="checkSendNotificationMultipleUser" time="142.927" classname="com.enhanzedadmin.qa.testcases.EngageUserTest"/>
  <testcase name="searchusersname" time="30.412" classname="com.enhanzedadmin.qa.testcases.EngageUserTest"/>
  <testcase name="searchusersname" time="30.684" classname="com.enhanzedadmin.qa.testcases.EngageUserTest"/>
  <testcase name="searchusersname" time="29.527" classname="com.enhanzedadmin.qa.testcases.EngageUserTest"/>
  <testcase name="validateTitleandBody" time="34.182" classname="com.enhanzedadmin.qa.testcases.EngageUserTest"/>
  <testcase name="checkSendNotification" time="29.059" classname="com.enhanzedadmin.qa.testcases.EngageUserTest"/>
  <testcase name="validateMessageDescription" time="33.452" classname="com.enhanzedadmin.qa.testcases.EngageUserTest"/>
  <testcase name="searchusersname" time="29.493" classname="com.enhanzedadmin.qa.testcases.EngageUserTest"/>
  <testcase name="validateUrl" time="35.857" classname="com.enhanzedadmin.qa.testcases.EngageUserTest"/>
</testsuite> <!-- com.enhanzedadmin.qa.testcases.EngageUserTest -->
