<?xml version="1.0" encoding="UTF-8"?>
<!-- Generated by org.testng.reporters.JUnitReportReporter -->
<testsuite skipped="0" hostname="DESKTOP-4KSKURR" name="com.enhanzedadmin.qa.testcases.UnassignTopicFromUserTest" tests="1" failures="0" timestamp="16 Oct 2019 08:39:22 GMT" time="135.170" errors="0">
  <testcase name="assignTopicToUser" time="135.170" classname="com.enhanzedadmin.qa.testcases.UnassignTopicFromUserTest"/>
</testsuite> <!-- com.enhanzedadmin.qa.testcases.UnassignTopicFromUserTest -->
