<?xml version="1.0" encoding="UTF-8"?>
<!-- Generated by org.testng.reporters.JUnitReportReporter -->
<testsuite hostname="DESKTOP-UQCRR3T" name="com.enhanzedadmin.qa.testcases.EngageSingleUserNotificationTest" tests="2" failures="0" timestamp="30 Oct 2019 07:43:26 GMT" time="68.192" errors="0">
  <testcase name="assignTopicToGroup" time="38.335" classname="com.enhanzedadmin.qa.testcases.EngageSingleUserNotificationTest"/>
  <testcase name="assignTopicToGroup" time="29.857" classname="com.enhanzedadmin.qa.testcases.EngageSingleUserNotificationTest"/>
</testsuite> <!-- com.enhanzedadmin.qa.testcases.EngageSingleUserNotificationTest -->
