<?xml version="1.0" encoding="UTF-8"?>
<!-- Generated by org.testng.reporters.JUnitReportReporter -->
<testsuite hostname="DESKTOP-UQCRR3T" name="com.enhanzedadmin.qa.testcases.EnableAndDisableUserTest" tests="3" failures="0" timestamp="13 Jan 2020 08:37:06 GMT" time="411.453" errors="0">
  <testcase name="editUser" time="130.683" classname="com.enhanzedadmin.qa.testcases.EnableAndDisableUserTest"/>
  <testcase name="cancelEditUser" time="142.196" classname="com.enhanzedadmin.qa.testcases.EnableAndDisableUserTest"/>
  <testcase name="userEnableDisable" time="138.574" classname="com.enhanzedadmin.qa.testcases.EnableAndDisableUserTest"/>
</testsuite> <!-- com.enhanzedadmin.qa.testcases.EnableAndDisableUserTest -->
