<?xml version="1.0" encoding="UTF-8"?>
<!-- Generated by org.testng.reporters.JUnitReportReporter -->
<testsuite hostname="DESKTOP-UQCRR3T" name="com.enhanzedadmin.qa.testcases.EngageMultipleUserNotificationTest" tests="1" failures="0" timestamp="25 Oct 2019 06:43:11 GMT" time="134.690" errors="0">
  <testcase name="multipleUserNotification" time="134.690" classname="com.enhanzedadmin.qa.testcases.EngageMultipleUserNotificationTest"/>
</testsuite> <!-- com.enhanzedadmin.qa.testcases.EngageMultipleUserNotificationTest -->
