<?xml version="1.0" encoding="UTF-8"?>
<!-- Generated by org.testng.reporters.JUnitReportReporter -->
<testsuite hostname="DESKTOP-UQCRR3T" name="com.enhanzedadmin.qa.testcases.CreateTopicTest" tests="11" failures="0" timestamp="17 Dec 2019 07:23:21 GMT" time="370.034" errors="0">
  <testcase name="checkCreatingtopicwithoutPreferencesEnforceLearning" time="29.081" classname="com.enhanzedadmin.qa.testcases.CreateTopicTest"/>
  <testcase name="checkCreatingemptytopic" time="30.590" classname="com.enhanzedadmin.qa.testcases.CreateTopicTest"/>
  <testcase name="checkCreatingtopicwithouttitle" time="30.341" classname="com.enhanzedadmin.qa.testcases.CreateTopicTest"/>
  <testcase name="checkCreatingtopicwithoutimage" time="37.546" classname="com.enhanzedadmin.qa.testcases.CreateTopicTest"/>
  <testcase name="checkCreatingtopicwithoutPreferences" time="33.336" classname="com.enhanzedadmin.qa.testcases.CreateTopicTest"/>
  <testcase name="checkCretatingTopicMoreThan30mbFile" time="33.954" classname="com.enhanzedadmin.qa.testcases.CreateTopicTest"/>
  <testcase name="uiCheck" time="29.991" classname="com.enhanzedadmin.qa.testcases.CreateTopicTest"/>
  <testcase name="checkCretatingemptynuggetname" time="37.212" classname="com.enhanzedadmin.qa.testcases.CreateTopicTest"/>
  <testcase name="checkCreatingtopicwithoutcontent" time="44.819" classname="com.enhanzedadmin.qa.testcases.CreateTopicTest"/>
  <testcase name="checkCreatingtopicwithoutcertificate" time="35.803" classname="com.enhanzedadmin.qa.testcases.CreateTopicTest"/>
  <testcase name="checkCreatingWithoutOverview" time="27.361" classname="com.enhanzedadmin.qa.testcases.CreateTopicTest"/>
</testsuite> <!-- com.enhanzedadmin.qa.testcases.CreateTopicTest -->
