<?xml version="1.0" encoding="UTF-8"?>
<!-- Generated by org.testng.reporters.JUnitReportReporter -->
<testsuite hostname="DESKTOP-UQCRR3T" name="com.enhanzedadmin.qa.testcases.RemoveUserFromGroupTest" tests="2" failures="0" timestamp="23 Oct 2019 10:02:58 GMT" time="160.662" errors="0">
  <testcase name="removeUser" time="80.291" classname="com.enhanzedadmin.qa.testcases.RemoveUserFromGroupTest"/>
  <testcase name="removeUser" time="80.371" classname="com.enhanzedadmin.qa.testcases.RemoveUserFromGroupTest"/>
</testsuite> <!-- com.enhanzedadmin.qa.testcases.RemoveUserFromGroupTest -->
