<?xml version="1.0" encoding="UTF-8"?>
<!-- Generated by org.testng.reporters.JUnitReportReporter -->
<testsuite skipped="0" hostname="DESKTOP-4KSKURR" name="com.enhanzedadmin.qa.testcases.AssignTopicToGroupWithDueDateTest" tests="1" failures="0" timestamp="16 Oct 2019 08:39:22 GMT" time="142.906" errors="0">
  <testcase name="assignTopicToGroup" time="142.906" classname="com.enhanzedadmin.qa.testcases.AssignTopicToGroupWithDueDateTest"/>
</testsuite> <!-- com.enhanzedadmin.qa.testcases.AssignTopicToGroupWithDueDateTest -->
