<?xml version="1.0" encoding="UTF-8"?>
<!-- Generated by org.testng.reporters.JUnitReportReporter -->
<testsuite skipped="0" hostname="LAPTOP-IEHG6H3J" name="com.enhanzedadmin.qa.testcases.AdminUItest" tests="4" failures="0" timestamp="23 Sep 2019 09:58:12 GMT" time="106.445" errors="0">
  <testcase name="checkadminUI" time="19.421" classname="com.enhanzedadmin.qa.testcases.AdminUItest"/>
  <testcase name="checkorgcode" time="21.593" classname="com.enhanzedadmin.qa.testcases.AdminUItest"/>
  <testcase name="checkinvalidorgcode" time="20.981" classname="com.enhanzedadmin.qa.testcases.AdminUItest"/>
  <testcase name="checkforblankorgcode" time="44.450" classname="com.enhanzedadmin.qa.testcases.AdminUItest"/>
</testsuite> <!-- com.enhanzedadmin.qa.testcases.AdminUItest -->
