<?xml version="1.0" encoding="UTF-8"?>
<!-- Generated by org.testng.reporters.JUnitReportReporter -->
<testsuite hostname="DESKTOP-UQCRR3T" name="com.enhanzedadmin.qa.testcases.SettingsTest" tests="5" failures="0" timestamp="12 Nov 2019 09:32:45 GMT" time="224.400" errors="0">
  <testcase name="changeBody" time="51.574" classname="com.enhanzedadmin.qa.testcases.SettingsTest"/>
  <testcase name="CheckUISettings" time="37.884" classname="com.enhanzedadmin.qa.testcases.SettingsTest"/>
  <testcase name="checkBreadcrumb" time="47.748" classname="com.enhanzedadmin.qa.testcases.SettingsTest"/>
  <testcase name="checkEditFeature" time="43.293" classname="com.enhanzedadmin.qa.testcases.SettingsTest"/>
  <testcase name="checkEditSubject" time="43.901" classname="com.enhanzedadmin.qa.testcases.SettingsTest"/>
</testsuite> <!-- com.enhanzedadmin.qa.testcases.SettingsTest -->
