<?xml version="1.0" encoding="UTF-8"?>
<!-- Generated by org.testng.reporters.JUnitReportReporter -->
<testsuite hostname="DESKTOP-UQCRR3T" name="com.enhanzedadmin.qa.testcases.AddUserToGroupTest" tests="4" failures="0" timestamp="23 Oct 2019 05:00:00 GMT" time="153.942" errors="0">
  <testcase name="addUser" time="36.258" classname="com.enhanzedadmin.qa.testcases.AddUserToGroupTest"/>
  <testcase name="addUser" time="45.886" classname="com.enhanzedadmin.qa.testcases.AddUserToGroupTest"/>
  <testcase name="addUser" time="40.169" classname="com.enhanzedadmin.qa.testcases.AddUserToGroupTest"/>
  <testcase name="uiCheck" time="31.629" classname="com.enhanzedadmin.qa.testcases.AddUserToGroupTest"/>
</testsuite> <!-- com.enhanzedadmin.qa.testcases.AddUserToGroupTest -->
