<?xml version="1.0" encoding="UTF-8"?>
<!-- Generated by org.testng.reporters.JUnitReportReporter -->
<testsuite hostname="DESKTOP-UQCRR3T" name="com.enhanzedadmin.qa.testcases.SettingsManageCategoriesTest" tests="3" failures="0" timestamp="23 Oct 2019 09:47:11 GMT" time="149.096" errors="0">
  <testcase name="addingCategory" time="52.193" classname="com.enhanzedadmin.qa.testcases.SettingsManageCategoriesTest"/>
  <testcase name="editingCategory" time="56.619" classname="com.enhanzedadmin.qa.testcases.SettingsManageCategoriesTest"/>
  <testcase name="deletingCategory" time="40.284" classname="com.enhanzedadmin.qa.testcases.SettingsManageCategoriesTest"/>
</testsuite> <!-- com.enhanzedadmin.qa.testcases.SettingsManageCategoriesTest -->
