<?xml version="1.0" encoding="UTF-8"?>
<!-- Generated by org.testng.reporters.JUnitReportReporter -->
<testsuite hostname="DESKTOP-UQCRR3T" name="com.enhanzedadmin.qa.testcases.UnpublishTopicTest" tests="1" failures="0" timestamp="19 Nov 2019 11:02:56 GMT" time="41.162" errors="0">
  <testcase name="unPublishTopic" time="41.162" classname="com.enhanzedadmin.qa.testcases.UnpublishTopicTest"/>
</testsuite> <!-- com.enhanzedadmin.qa.testcases.UnpublishTopicTest -->
