<?xml version="1.0" encoding="UTF-8"?>
<!-- Generated by org.testng.reporters.JUnitReportReporter -->
<testsuite hostname="DESKTOP-UQCRR3T" name="com.enhanzedadmin.qa.testcases.EngageGroupTest" tests="8" failures="0" timestamp="6 Nov 2019 12:35:33 GMT" time="332.716" errors="0">
  <testcase name="checkSearchResults" time="39.712" classname="com.enhanzedadmin.qa.testcases.EngageGroupTest"/>
  <testcase name="checkNotificationUI" time="38.822" classname="com.enhanzedadmin.qa.testcases.EngageGroupTest"/>
  <testcase name="sendNotificationToGroup" time="46.565" classname="com.enhanzedadmin.qa.testcases.EngageGroupTest"/>
  <testcase name="sendNotificationToGroup" time="45.792" classname="com.enhanzedadmin.qa.testcases.EngageGroupTest"/>
  <testcase name="sendNotificationToGroup" time="42.062" classname="com.enhanzedadmin.qa.testcases.EngageGroupTest"/>
  <testcase name="checkUIGroup" time="41.070" classname="com.enhanzedadmin.qa.testcases.EngageGroupTest"/>
  <testcase name="checkPagination" time="39.001" classname="com.enhanzedadmin.qa.testcases.EngageGroupTest"/>
  <testcase name="sendNotificationToGroup" time="39.692" classname="com.enhanzedadmin.qa.testcases.EngageGroupTest"/>
</testsuite> <!-- com.enhanzedadmin.qa.testcases.EngageGroupTest -->
