<?xml version="1.0" encoding="UTF-8"?>
<!-- Generated by org.testng.reporters.JUnitReportReporter -->
<testsuite hostname="DESKTOP-UQCRR3T" name="com.enhanzedadmin.qa.testcases.AssignTopicToGroupTest" tests="8" failures="0" timestamp="21 Jan 2020 10:25:46 GMT" time="258.059" errors="0">
  <testcase name="checkAssigntoGroup" time="29.337" classname="com.enhanzedadmin.qa.testcases.AssignTopicToGroupTest"/>
  <testcase name="checkAssigntoGroup" time="33.910" classname="com.enhanzedadmin.qa.testcases.AssignTopicToGroupTest"/>
  <testcase name="checkAssigntoGroup" time="32.018" classname="com.enhanzedadmin.qa.testcases.AssignTopicToGroupTest"/>
  <testcase name="checkAssigntoGroup" time="34.064" classname="com.enhanzedadmin.qa.testcases.AssignTopicToGroupTest"/>
  <testcase name="checkAssigntoGroup" time="34.258" classname="com.enhanzedadmin.qa.testcases.AssignTopicToGroupTest"/>
  <testcase name="checkAssigntoGroup" time="31.619" classname="com.enhanzedadmin.qa.testcases.AssignTopicToGroupTest"/>
  <testcase name="checkAssigntoGroup" time="31.929" classname="com.enhanzedadmin.qa.testcases.AssignTopicToGroupTest"/>
  <testcase name="checkAssigntoGroup" time="30.924" classname="com.enhanzedadmin.qa.testcases.AssignTopicToGroupTest"/>
</testsuite> <!-- com.enhanzedadmin.qa.testcases.AssignTopicToGroupTest -->
