<?xml version="1.0" encoding="UTF-8"?>
<!-- Generated by org.testng.reporters.JUnitReportReporter -->
<testsuite skipped="0" hostname="LAPTOP-IEHG6H3J" name="com.enhanzedadmin.qa.testcases.CreateTopicUITest" tests="1" failures="0" timestamp="27 Sep 2019 09:31:38 GMT" time="180.554" errors="0">
  <testcase name="uiCheck" time="180.554" classname="com.enhanzedadmin.qa.testcases.CreateTopicUITest"/>
</testsuite> <!-- com.enhanzedadmin.qa.testcases.CreateTopicUITest -->
