<?xml version="1.0" encoding="UTF-8"?>
<!-- Generated by org.testng.reporters.JUnitReportReporter -->
<testsuite hostname="DESKTOP-UQCRR3T" name="com.enhanzedadmin.qa.testcases.ManageGroupTest" tests="52" failures="0" timestamp="13 Jan 2020 11:02:49 GMT" time="1814.578" errors="0">
  <testcase name="addEmptyUserToGroup" time="36.607" classname="com.enhanzedadmin.qa.testcases.ManageGroupTest"/>
  <testcase name="addEmptyUserToGroup" time="36.127" classname="com.enhanzedadmin.qa.testcases.ManageGroupTest"/>
  <testcase name="addUserToGroup" time="33.642" classname="com.enhanzedadmin.qa.testcases.ManageGroupTest"/>
  <testcase name="addEmptyUserToGroup" time="36.093" classname="com.enhanzedadmin.qa.testcases.ManageGroupTest"/>
  <testcase name="removeUserFromGroup" time="39.701" classname="com.enhanzedadmin.qa.testcases.ManageGroupTest"/>
  <testcase name="checkGroupUItest" time="30.855" classname="com.enhanzedadmin.qa.testcases.ManageGroupTest"/>
  <testcase name="removeUserFromGroup" time="37.683" classname="com.enhanzedadmin.qa.testcases.ManageGroupTest"/>
  <testcase name="removeUserFromGroup" time="38.021" classname="com.enhanzedadmin.qa.testcases.ManageGroupTest"/>
  <testcase name="createGroup" time="33.167" classname="com.enhanzedadmin.qa.testcases.ManageGroupTest"/>
  <testcase name="deleteGroup" time="35.641" classname="com.enhanzedadmin.qa.testcases.ManageGroupTest"/>
  <testcase name="checkEmptyGroupNameCreation" time="31.493" classname="com.enhanzedadmin.qa.testcases.ManageGroupTest"/>
  <testcase name="deleteGroup" time="35.272" classname="com.enhanzedadmin.qa.testcases.ManageGroupTest"/>
  <testcase name="addEmptyUserToGroup" time="37.809" classname="com.enhanzedadmin.qa.testcases.ManageGroupTest"/>
  <testcase name="deleteGroup" time="33.157" classname="com.enhanzedadmin.qa.testcases.ManageGroupTest"/>
  <testcase name="addUserToGroup" time="39.196" classname="com.enhanzedadmin.qa.testcases.ManageGroupTest"/>
  <testcase name="removeUserFromGroup" time="39.111" classname="com.enhanzedadmin.qa.testcases.ManageGroupTest"/>
  <testcase name="addEmptyUserToGroup" time="32.197" classname="com.enhanzedadmin.qa.testcases.ManageGroupTest"/>
  <testcase name="removeUserFromGroup" time="40.072" classname="com.enhanzedadmin.qa.testcases.ManageGroupTest"/>
  <testcase name="createGroup" time="34.440" classname="com.enhanzedadmin.qa.testcases.ManageGroupTest"/>
  <testcase name="addUserToGroup" time="34.265" classname="com.enhanzedadmin.qa.testcases.ManageGroupTest"/>
  <testcase name="addUserToGroup" time="36.956" classname="com.enhanzedadmin.qa.testcases.ManageGroupTest"/>
  <testcase name="deleteGroup" time="32.189" classname="com.enhanzedadmin.qa.testcases.ManageGroupTest"/>
  <testcase name="checkGroupUItest" time="44.949" classname="com.enhanzedadmin.qa.testcases.ManageGroupTest"/>
  <testcase name="createGroup" time="36.481" classname="com.enhanzedadmin.qa.testcases.ManageGroupTest"/>
  <testcase name="addUserToGroup" time="34.099" classname="com.enhanzedadmin.qa.testcases.ManageGroupTest"/>
  <testcase name="checkGroupUItest" time="32.595" classname="com.enhanzedadmin.qa.testcases.ManageGroupTest"/>
  <testcase name="removeUserFromGroup" time="37.425" classname="com.enhanzedadmin.qa.testcases.ManageGroupTest"/>
  <testcase name="removeUserFromGroup" time="38.520" classname="com.enhanzedadmin.qa.testcases.ManageGroupTest"/>
  <testcase name="checkUI" time="28.621" classname="com.enhanzedadmin.qa.testcases.ManageGroupTest"/>
  <testcase name="addUserToGroup" time="34.908" classname="com.enhanzedadmin.qa.testcases.ManageGroupTest"/>
  <testcase name="removeUserFromGroup" time="41.206" classname="com.enhanzedadmin.qa.testcases.ManageGroupTest"/>
  <testcase name="createGroup" time="34.717" classname="com.enhanzedadmin.qa.testcases.ManageGroupTest"/>
  <testcase name="addUserToGroup" time="33.926" classname="com.enhanzedadmin.qa.testcases.ManageGroupTest"/>
  <testcase name="createGroup" time="35.559" classname="com.enhanzedadmin.qa.testcases.ManageGroupTest"/>
  <testcase name="removeUserFromGroup" time="27.750" classname="com.enhanzedadmin.qa.testcases.ManageGroupTest"/>
  <testcase name="addUserToGroup" time="32.016" classname="com.enhanzedadmin.qa.testcases.ManageGroupTest"/>
  <testcase name="removeUserFromGroup" time="30.227" classname="com.enhanzedadmin.qa.testcases.ManageGroupTest"/>
  <testcase name="createGroup" time="34.968" classname="com.enhanzedadmin.qa.testcases.ManageGroupTest"/>
  <testcase name="checkGroupUItest" time="29.467" classname="com.enhanzedadmin.qa.testcases.ManageGroupTest"/>
  <testcase name="checkcreategroupUI" time="31.893" classname="com.enhanzedadmin.qa.testcases.ManageGroupTest"/>
  <testcase name="addUserToGroup" time="33.366" classname="com.enhanzedadmin.qa.testcases.ManageGroupTest"/>
  <testcase name="deleteGroup" time="34.489" classname="com.enhanzedadmin.qa.testcases.ManageGroupTest"/>
  <testcase name="checkGroupUItest" time="30.323" classname="com.enhanzedadmin.qa.testcases.ManageGroupTest"/>
  <testcase name="addEmptyUserToGroup" time="35.089" classname="com.enhanzedadmin.qa.testcases.ManageGroupTest"/>
  <testcase name="addEmptyUserToGroup" time="34.615" classname="com.enhanzedadmin.qa.testcases.ManageGroupTest"/>
  <testcase name="addUserToGroup" time="42.914" classname="com.enhanzedadmin.qa.testcases.ManageGroupTest"/>
  <testcase name="deleteGroup" time="32.059" classname="com.enhanzedadmin.qa.testcases.ManageGroupTest"/>
  <testcase name="addUserToGroup" time="32.483" classname="com.enhanzedadmin.qa.testcases.ManageGroupTest"/>
  <testcase name="addUserToGroup" time="34.241" classname="com.enhanzedadmin.qa.testcases.ManageGroupTest"/>
  <testcase name="checkGroupUItest" time="30.465" classname="com.enhanzedadmin.qa.testcases.ManageGroupTest"/>
  <testcase name="removeUserFromGroup" time="38.139" classname="com.enhanzedadmin.qa.testcases.ManageGroupTest"/>
  <testcase name="removeUserFromGroup" time="33.374" classname="com.enhanzedadmin.qa.testcases.ManageGroupTest"/>
</testsuite> <!-- com.enhanzedadmin.qa.testcases.ManageGroupTest -->
