<?xml version="1.0" encoding="UTF-8"?>
<!-- Generated by org.testng.reporters.JUnitReportReporter -->
<testsuite hostname="DESKTOP-UQCRR3T" name="com.enhanzedadmin.qa.testcases.ReportsTest" tests="21" failures="0" timestamp="21 Jan 2020 05:35:39 GMT" time="869.229" errors="0">
  <testcase name="checkUIofUserReport" time="34.383" classname="com.enhanzedadmin.qa.testcases.ReportsTest"/>
  <testcase name="checkUserReports" time="33.397" classname="com.enhanzedadmin.qa.testcases.ReportsTest"/>
  <testcase name="checkUIofUserReport" time="41.248" classname="com.enhanzedadmin.qa.testcases.ReportsTest"/>
  <testcase name="checkUIofUserreports" time="30.023" classname="com.enhanzedadmin.qa.testcases.ReportsTest"/>
  <testcase name="checkUIofUserReport" time="39.126" classname="com.enhanzedadmin.qa.testcases.ReportsTest"/>
  <testcase name="checkUIofUserReport" time="31.634" classname="com.enhanzedadmin.qa.testcases.ReportsTest"/>
  <testcase name="checkPagination" time="132.503" classname="com.enhanzedadmin.qa.testcases.ReportsTest"/>
  <testcase name="checkUIofUserReport" time="31.571" classname="com.enhanzedadmin.qa.testcases.ReportsTest"/>
  <testcase name="checkUserReports" time="32.968" classname="com.enhanzedadmin.qa.testcases.ReportsTest"/>
  <testcase name="checkUserReports" time="35.181" classname="com.enhanzedadmin.qa.testcases.ReportsTest"/>
  <testcase name="checkUserReports" time="36.783" classname="com.enhanzedadmin.qa.testcases.ReportsTest"/>
  <testcase name="checkUserReports" time="35.647" classname="com.enhanzedadmin.qa.testcases.ReportsTest"/>
  <testcase name="checkUserReports" time="30.668" classname="com.enhanzedadmin.qa.testcases.ReportsTest"/>
  <testcase name="checkUIofUserReport" time="35.606" classname="com.enhanzedadmin.qa.testcases.ReportsTest"/>
  <testcase name="checkUIofUserReport" time="49.025" classname="com.enhanzedadmin.qa.testcases.ReportsTest"/>
  <testcase name="checkUIofUserReport" time="36.805" classname="com.enhanzedadmin.qa.testcases.ReportsTest"/>
  <testcase name="checkMouseHovertest" time="35.885" classname="com.enhanzedadmin.qa.testcases.ReportsTest"/>
  <testcase name="checkUserReports" time="35.928" classname="com.enhanzedadmin.qa.testcases.ReportsTest"/>
  <testcase name="checkUIofUserReport" time="55.948" classname="com.enhanzedadmin.qa.testcases.ReportsTest"/>
  <testcase name="checkUserReports" time="38.890" classname="com.enhanzedadmin.qa.testcases.ReportsTest"/>
  <testcase name="checkUserReports" time="36.010" classname="com.enhanzedadmin.qa.testcases.ReportsTest"/>
</testsuite> <!-- com.enhanzedadmin.qa.testcases.ReportsTest -->
