<?xml version="1.0" encoding="UTF-8"?>
<!-- Generated by org.testng.reporters.JUnitReportReporter -->
<testsuite skipped="0" hostname="DESKTOP-4KSKURR" name="com.enhanzedadmin.qa.testcases.SettingsWelcomeEmailTemplateTest" tests="3" failures="0" timestamp="16 Oct 2019 06:08:53 GMT" time="99.870" errors="0">
  <testcase name="uiCheck" time="28.646" classname="com.enhanzedadmin.qa.testcases.SettingsWelcomeEmailTemplateTest"/>
  <testcase name="editTemplate" time="36.241" classname="com.enhanzedadmin.qa.testcases.SettingsWelcomeEmailTemplateTest"/>
  <testcase name="cancelEditingTemplate" time="34.983" classname="com.enhanzedadmin.qa.testcases.SettingsWelcomeEmailTemplateTest"/>
</testsuite> <!-- com.enhanzedadmin.qa.testcases.SettingsWelcomeEmailTemplateTest -->
