<?xml version="1.0" encoding="UTF-8"?>
<!-- Generated by org.testng.reporters.JUnitReportReporter -->
<testsuite hostname="DESKTOP-UQCRR3T" name="com.enhanzedadmin.qa.testcases.PublishTopicTest" tests="1" failures="0" timestamp="19 Nov 2019 11:01:59 GMT" time="45.266" errors="0">
  <testcase name="publishTopic" time="45.266" classname="com.enhanzedadmin.qa.testcases.PublishTopicTest"/>
</testsuite> <!-- com.enhanzedadmin.qa.testcases.PublishTopicTest -->
