<?xml version="1.0" encoding="UTF-8"?>
<!-- Generated by org.testng.reporters.JUnitReportReporter -->
<testsuite hostname="DESKTOP-UQCRR3T" name="com.enhanzedadmin.qa.testcases.Adminlogintest" tests="8" failures="0" timestamp="21 Jan 2020 10:20:54 GMT" time="206.161" errors="0">
  <testcase name="checkBlankEmailPwd" time="23.161" classname="com.enhanzedadmin.qa.testcases.Adminlogintest"/>
  <testcase name="checkInvalidEmailInvalidPwd" time="24.482" classname="com.enhanzedadmin.qa.testcases.Adminlogintest"/>
  <testcase name="checkValidEmailIdInvalidPwd" time="28.533" classname="com.enhanzedadmin.qa.testcases.Adminlogintest"/>
  <testcase name="checkValidEmailLogin" time="28.116" classname="com.enhanzedadmin.qa.testcases.Adminlogintest"/>
  <testcase name="checkValidEmailIdInvalidPwdLengthless" time="23.004" classname="com.enhanzedadmin.qa.testcases.Adminlogintest"/>
  <testcase name="checkUnregisteredAdmin" time="25.294" classname="com.enhanzedadmin.qa.testcases.Adminlogintest"/>
  <testcase name="checkUIAttributes" time="33.648" classname="com.enhanzedadmin.qa.testcases.Adminlogintest"/>
  <testcase name="checkChangeOrganisationcode" time="19.923" classname="com.enhanzedadmin.qa.testcases.Adminlogintest"/>
</testsuite> <!-- com.enhanzedadmin.qa.testcases.Adminlogintest -->
