<?xml version="1.0" encoding="UTF-8"?>
<!-- Generated by org.testng.reporters.JUnitReportReporter -->
<testsuite hostname="DESKTOP-UQCRR3T" name="com.enhanzedadmin.qa.testcases.AssignTopicToUserWithDueDateTest" tests="1" failures="0" timestamp="6 Nov 2019 10:47:47 GMT" time="145.313" errors="0">
  <testcase name="assignTopicToUser" time="145.313" classname="com.enhanzedadmin.qa.testcases.AssignTopicToUserWithDueDateTest"/>
</testsuite> <!-- com.enhanzedadmin.qa.testcases.AssignTopicToUserWithDueDateTest -->
