<?xml version="1.0" encoding="UTF-8"?>
<!-- Generated by org.testng.reporters.JUnitReportReporter -->
<testsuite hostname="DESKTOP-UQCRR3T" name="com.enhanzedadmin.qa.testcases.orgcodetest" tests="4" failures="0" timestamp="13 Jan 2020 06:41:22 GMT" time="89.996" errors="0">
  <testcase name="checkinvalidorgcode" time="18.686" classname="com.enhanzedadmin.qa.testcases.orgcodetest"/>
  <testcase name="checkValidOrgcode" time="34.411" classname="com.enhanzedadmin.qa.testcases.orgcodetest"/>
  <testcase name="checkforblankorgcode" time="20.214" classname="com.enhanzedadmin.qa.testcases.orgcodetest"/>
  <testcase name="checkUI" time="16.685" classname="com.enhanzedadmin.qa.testcases.orgcodetest"/>
</testsuite> <!-- com.enhanzedadmin.qa.testcases.orgcodetest -->
