<?xml version="1.0" encoding="UTF-8"?>
<!-- Generated by org.testng.reporters.JUnitReportReporter -->
<testsuite skipped="0" hostname="LAPTOP-IEHG6H3J" name="com.enhanzedadmin.qa.testcases.addUserToEmptyGroupTest" tests="1" failures="0" timestamp="19 Sep 2019 09:58:17 GMT" time="200.614" errors="0">
  <testcase name="addUser" time="200.614" classname="com.enhanzedadmin.qa.testcases.addUserToEmptyGroupTest"/>
</testsuite> <!-- com.enhanzedadmin.qa.testcases.addUserToEmptyGroupTest -->
