<?xml version="1.0" encoding="UTF-8"?>
<!-- Generated by org.testng.reporters.JUnitReportReporter -->
<testsuite hostname="DESKTOP-UQCRR3T" name="com.enhanzedadmin.qa.testcases.Dashboardtest" tests="2" failures="0" timestamp="13 Jan 2020 11:28:18 GMT" time="58.492" errors="0">
  <testcase name="checkgraph" time="31.488" classname="com.enhanzedadmin.qa.testcases.Dashboardtest"/>
  <testcase name="checkUIAttribute" time="27.004" classname="com.enhanzedadmin.qa.testcases.Dashboardtest"/>
</testsuite> <!-- com.enhanzedadmin.qa.testcases.Dashboardtest -->
